<?xml version="1.0" encoding="UTF-8"?>
<!-- Generated by org.testng.reporters.JUnitReportReporter -->
<testsuite hostname="Sanketh" failures="0" tests="1" name="com.kasua.testscript.CampaignModule" time="21.549" errors="0" timestamp="2025-06-19T10:58:50 IST" skipped="0">
  <testcase classname="com.kasua.testscript.CampaignModule" name="createCampaign" time="21.549"/>
  <system-out>
    <![CDATA[login
logOut
closeBrowser]]>
  </system-out>
</testsuite> <!-- com.kasua.testscript.CampaignModule -->
