<?xml version="1.0" encoding="UTF-8"?>
<!-- Generated by org.testng.reporters.JUnitReportReporter -->
<testsuite hostname="Sanketh" failures="0" tests="1" name="com.kasua.testscript.DashboardModule" time="19.929" errors="0" timestamp="2025-07-04T15:18:57 IST" skipped="0">
  <testcase classname="com.kasua.testscript.DashboardModule" name="createDashBoard" time="19.929"/>
  <system-out>
    <![CDATA[login
logOut
closeBrowser]]>
  </system-out>
</testsuite> <!-- com.kasua.testscript.DashboardModule -->
