<?xml version="1.0" encoding="UTF-8"?>
<!-- Generated by org.testng.reporters.JUnitReportReporter -->
<testsuite hostname="Sanketh" failures="0" tests="1" name="com.kasua.testscript.PotentialModule" time="0.038" errors="0" timestamp="2025-07-14T00:14:10 IST" skipped="0">
  <testcase classname="com.kasua.testscript.PotentialModule" name="demo" time="0.038">
    <system-out>
      <![CDATA[PotentialModule]]>
    </system-out>
  </testcase> <!-- demo -->
  <system-out>
    <![CDATA[AccountModule
PotentialModule
login
login
login
Romeo Juliet
logOut
closeBrowser
logOut
closeBrowser
logOut
closeBrowser]]>
  </system-out>
</testsuite> <!-- com.kasua.testscript.PotentialModule -->
