<?xml version="1.0" encoding="UTF-8"?>
<!-- Generated by org.testng.reporters.JUnitReportReporter -->
<testsuite hostname="Sanketh" failures="0" tests="1" name="com.kasua.testscript.PriceBookModule" time="4.107" errors="0" timestamp="2025-07-04T14:39:34 IST" skipped="0">
  <testcase classname="com.kasua.testscript.PriceBookModule" name="createPriceBook" time="4.107">
    <system-out>
      <![CDATA[Romeo Juliet]]>
    </system-out>
  </testcase> <!-- createPriceBook -->
  <system-out>
    <![CDATA[login
Romeo Juliet
logOut
closeBrowser]]>
  </system-out>
</testsuite> <!-- com.kasua.testscript.PriceBookModule -->
