<?xml version="1.0" encoding="UTF-8"?>
<!-- Generated by org.testng.reporters.JUnitReportReporter -->
<testsuite hostname="Sanketh" failures="0" tests="1" name="com.kasua.testscript.CampaignModule" time="30.805" errors="0" timestamp="2025-07-14T00:14:10 IST" skipped="0">
  <testcase classname="com.kasua.testscript.CampaignModule" name="createCampaign" time="30.805"/>
  <system-out>
    <![CDATA[AccountModule
PotentialModule
login
login
login
Romeo Juliet
logOut
closeBrowser
logOut
closeBrowser
logOut
closeBrowser]]>
  </system-out>
</testsuite> <!-- com.kasua.testscript.CampaignModule -->
